<?xml version="1.0" encoding="UTF-8"?>
<!-- Generated by org.testng.reporters.JUnitXMLReporter -->
<testsuite ignored="0" hostname="Pritis-MacBook-Pro.local" failures="0" tests="5" name="Command line test" time="57.27" errors="0" timestamp="2021-05-14T17:17:53 IST">
  <testcase classname="base.BasePage" name="@AfterMethod tearDown_after_each_test" time="0.124">
    <failure type="java.lang.AssertionError" message="The following asserts failed:
	expected [true] but found [false]">
      <![CDATA[java.lang.AssertionError: The following asserts failed:
expected [true] but found [false]
at base.BasePage.tearDown_after_each_test(BasePage.java:123)
at java.base/java.util.ArrayList.forEach(ArrayList.java:1541)
... Removed 44 stack frames]]>
    </failure>
  </testcase> <!-- @AfterMethod tearDown_after_each_test -->
  <testcase classname="testcases.SystemUsersTest" name="getJobTitles" time="8.448"/>
  <testcase classname="testcases.HomePageTest" name="PIMtabTest" time="5.933"/>
  <testcase classname="testcases.HomePageTest" name="adminTabTest" time="5.216"/>
  <testcase classname="testcases.LoginPageTest" name="verifyLoginPage_test1" time="0.013"/>
  <testcase classname="testcases.EmployeeInfoTest" name="VerifyEmpStatus" time="8.043"/>
</testsuite> <!-- Command line test -->
