<?xml version="1.0" encoding="UTF-8"?>
<!-- Generated by org.testng.reporters.JUnitXMLReporter -->
<testsuite ignored="0" hostname="Pritis-MBP" failures="0" tests="2" name="test1" time="1.373" errors="0" timestamp="2021-07-10T12:30:44 IST">
  <testcase classname="base.BasePage" name="@BeforeMethod setup_before_each_test" time="1.341">
    <failure type="org.openqa.selenium.SessionNotCreatedException" message="session not created: This version of ChromeDriver only supports Chrome version 89
Current browser version is 91.0.4472.114 with binary path /Applications/Google Chrome.app/Contents/MacOS/Google Chrome
Build info: version: &amp;apos;3.141.59&amp;apos;, revision: &amp;apos;e82be7d358&amp;apos;, time: &amp;apos;2018-11-14T08:17:03&amp;apos;
System info: host: &amp;apos;Pritis-MBP&amp;apos;, ip: &amp;apos;2401:4900:5037:f8c:9413:2782:81fc:5373%en0&amp;apos;, os.name: &amp;apos;Mac OS X&amp;apos;, os.arch: &amp;apos;x86_64&amp;apos;, os.version: &amp;apos;10.15.7&amp;apos;, java.version: &amp;apos;15.0.2&amp;apos;
Driver info: driver.version: ChromeDriver
remote stacktrace: 0   chromedriver                        0x0000000103de5b59 chromedriver + 2595673
1   chromedriver                        0x0000000104499b33 chromedriver + 9624371
2   chromedriver                        0x0000000103b95773 chromedriver + 169843
3   chromedriver                        0x0000000103bb9bf6 chromedriver + 318454
4   chromedriver                        0x0000000103bb5dc4 chromedriver + 302532
5   chromedriver                        0x0000000103bb3032 chromedriver + 290866
6   chromedriver                        0x0000000103be6234 chromedriver + 500276
7   chromedriver                        0x0000000103be14f3 chromedriver + 480499
8   chromedriver                        0x0000000103bbbcd6 chromedriver + 326870
9   chromedriver                        0x0000000103bbcba7 chromedriver + 330663
10  chromedriver                        0x0000000103db3b09 chromedriver + 2390793
11  chromedriver                        0x0000000103dc0bcc chromedriver + 2444236
12  chromedriver                        0x0000000103dc06ee chromedriver + 2442990
13  chromedriver                        0x0000000103d9a832 chromedriver + 2287666
14  chromedriver                        0x0000000103dc163f chromedriver + 2446911
15  chromedriver                        0x0000000103da9299 chromedriver + 2347673
16  chromedriver                        0x0000000103dd88b9 chromedriver + 2541753
17  chromedriver                        0x0000000103deb008 chromedriver + 2617352
18  libsystem_pthread.dylib             0x00007fff733e7109 _pthread_start + 148
19  libsystem_pthread.dylib             0x00007fff733e2b8b thread_start + 15
">
      <![CDATA[org.openqa.selenium.SessionNotCreatedException: session not created: This version of ChromeDriver only supports Chrome version 89
Current browser version is 91.0.4472.114 with binary path /Applications/Google Chrome.app/Contents/MacOS/Google Chrome
Build info: version: '3.141.59', revision: 'e82be7d358', time: '2018-11-14T08:17:03'
System info: host: 'Pritis-MBP', ip: '2401:4900:5037:f8c:9413:2782:81fc:5373%en0', os.name: 'Mac OS X', os.arch: 'x86_64', os.version: '10.15.7', java.version: '15.0.2'
Driver info: driver.version: ChromeDriver
remote stacktrace: 0   chromedriver                        0x0000000103de5b59 chromedriver + 2595673
1   chromedriver                        0x0000000104499b33 chromedriver + 9624371
2   chromedriver                        0x0000000103b95773 chromedriver + 169843
3   chromedriver                        0x0000000103bb9bf6 chromedriver + 318454
4   chromedriver                        0x0000000103bb5dc4 chromedriver + 302532
5   chromedriver                        0x0000000103bb3032 chromedriver + 290866
6   chromedriver                        0x0000000103be6234 chromedriver + 500276
7   chromedriver                        0x0000000103be14f3 chromedriver + 480499
8   chromedriver                        0x0000000103bbbcd6 chromedriver + 326870
9   chromedriver                        0x0000000103bbcba7 chromedriver + 330663
10  chromedriver                        0x0000000103db3b09 chromedriver + 2390793
11  chromedriver                        0x0000000103dc0bcc chromedriver + 2444236
12  chromedriver                        0x0000000103dc06ee chromedriver + 2442990
13  chromedriver                        0x0000000103d9a832 chromedriver + 2287666
14  chromedriver                        0x0000000103dc163f chromedriver + 2446911
15  chromedriver                        0x0000000103da9299 chromedriver + 2347673
16  chromedriver                        0x0000000103dd88b9 chromedriver + 2541753
17  chromedriver                        0x0000000103deb008 chromedriver + 2617352
18  libsystem_pthread.dylib             0x00007fff733e7109 _pthread_start + 148
19  libsystem_pthread.dylib             0x00007fff733e2b8b thread_start + 15

at org.openqa.selenium.remote.W3CHandshakeResponse.lambda$errorHandler$0(W3CHandshakeResponse.java:62)
at org.openqa.selenium.remote.HandshakeResponse.lambda$getResponseFunction$0(HandshakeResponse.java:30)
at org.openqa.selenium.remote.ProtocolHandshake.lambda$createSession$0(ProtocolHandshake.java:126)
at java.base/java.util.stream.ReferencePipeline$3$1.accept(ReferencePipeline.java:195)
at java.base/java.util.Spliterators$ArraySpliterator.tryAdvance(Spliterators.java:958)
at java.base/java.util.stream.ReferencePipeline.forEachWithCancel(ReferencePipeline.java:127)
at java.base/java.util.stream.AbstractPipeline.copyIntoWithCancel(AbstractPipeline.java:502)
at java.base/java.util.stream.AbstractPipeline.copyInto(AbstractPipeline.java:488)
at java.base/java.util.stream.AbstractPipeline.wrapAndCopyInto(AbstractPipeline.java:474)
at java.base/java.util.stream.FindOps$FindOp.evaluateSequential(FindOps.java:150)
at java.base/java.util.stream.AbstractPipeline.evaluate(AbstractPipeline.java:234)
at java.base/java.util.stream.ReferencePipeline.findFirst(ReferencePipeline.java:543)
at org.openqa.selenium.remote.ProtocolHandshake.createSession(ProtocolHandshake.java:128)
at org.openqa.selenium.remote.ProtocolHandshake.createSession(ProtocolHandshake.java:74)
at org.openqa.selenium.remote.HttpCommandExecutor.execute(HttpCommandExecutor.java:136)
at org.openqa.selenium.remote.service.DriverCommandExecutor.execute(DriverCommandExecutor.java:83)
at org.openqa.selenium.remote.RemoteWebDriver.execute(RemoteWebDriver.java:552)
at org.openqa.selenium.remote.RemoteWebDriver.startSession(RemoteWebDriver.java:213)
at org.openqa.selenium.remote.RemoteWebDriver.<init>(RemoteWebDriver.java:131)
at org.openqa.selenium.chrome.ChromeDriver.<init>(ChromeDriver.java:181)
at org.openqa.selenium.chrome.ChromeDriver.<init>(ChromeDriver.java:168)
at org.openqa.selenium.chrome.ChromeDriver.<init>(ChromeDriver.java:123)
at base.BasePage.setup_before_each_test(BasePage.java:56)
at java.base/java.util.concurrent.ThreadPoolExecutor.runWorker(ThreadPoolExecutor.java:1130)
at java.base/java.util.concurrent.ThreadPoolExecutor$Worker.run(ThreadPoolExecutor.java:630)
at java.base/java.lang.Thread.run(Thread.java:832)
... Removed 21 stack frames]]>
    </failure>
  </testcase> <!-- @BeforeMethod setup_before_each_test -->
  <testcase classname="base.BasePage" name="@AfterMethod tearDown_after_each_test" time="-1.625900444313E9">
    <skipped/>
  </testcase> <!-- @AfterMethod tearDown_after_each_test -->
  <testcase classname="base.BasePage" name="@BeforeMethod setup_before_each_test" time="-1.625900444314E9">
    <skipped/>
  </testcase> <!-- @BeforeMethod setup_before_each_test -->
  <testcase classname="base.BasePage" name="@AfterMethod tearDown_after_each_test" time="-1.625900444315E9">
    <skipped/>
  </testcase> <!-- @AfterMethod tearDown_after_each_test -->
  <testcase classname="testcases.LoginPageTest" name="verifyLoginPage_test1" time="0.0">
    <skipped/>
  </testcase> <!-- verifyLoginPage_test1 -->
  <testcase classname="testcases.LoginPageTest" name="verifyLoginPage_test1" time="0.0">
    <skipped/>
  </testcase> <!-- verifyLoginPage_test1 -->
</testsuite> <!-- test1 -->
