<!DOCTYPE html PUBLIC "-//W3C//DTD XHTML 1.1//EN" "https://www.w3.org/TR/xhtml11/DTD/xhtml11.dtd">
<html xmlns="https://www.w3.org/1999/xhtml">
<head>
<meta http-equiv="content-type" content="text/html; charset=UTF-8"/>
<title>TestNG Report</title>
<style type="text/css">table {margin-bottom:10px;border-collapse:collapse;empty-cells:show}th,td {border:1px solid #009;padding:.25em .5em}th {vertical-align:bottom}td {vertical-align:top}table a {font-weight:bold}.stripe td {background-color: #E6EBF9}.num {text-align:right}.passedodd td {background-color: #3F3}.passedeven td {background-color: #0A0}.skippedodd td {background-color: #DDD}.skippedeven td {background-color: #CCC}.failedodd td,.attn {background-color: #F33}.failedeven td,.stripe .attn {background-color: #D00}.stacktrace {white-space:pre;font-family:monospace}.totop {font-size:85%;text-align:center;border-bottom:2px solid #000}.invisible {display:none}</style>
</head>
<body>
<table>
<tr><th>Test</th><th># Passed</th><th># Skipped</th><th># Retried</th><th># Failed</th><th>Time (ms)</th><th>Included Groups</th><th>Excluded Groups</th></tr>
<tr><th colspan="8">Suite</th></tr>
<tr><td><a href="#t0">test1</a></td><td class="num">0</td><td class="num attn">2</td><td class="num">0</td><td class="num">0</td><td class="num">1,373</td><td></td><td></td></tr>
</table>
<table id='summary'><thead><tr><th>Class</th><th>Method</th><th>Start</th><th>Time (ms)</th></tr></thead><tbody><tr><th colspan="4">Suite</th></tr></tbody><tbody id="t0"><tr><th colspan="4">test1 &#8212; failed (configuration methods)</th></tr><tr class="failedeven"><td rowspan="1">testcases.LoginPageTest</td><td><a href="#m0">setup_before_each_test</a></td><td rowspan="1">1625900442964</td><td rowspan="1">1341</td></tr><tr><th colspan="4">test1 &#8212; skipped (configuration methods)</th></tr><tr class="skippedeven"><td rowspan="3">testcases.LoginPageTest</td><td><a href="#m1">setup_before_each_test</a></td><td rowspan="1">1625900444314</td><td rowspan="1">-1625900444314</td></tr><tr class="skippedeven"><td><a href="#m2">tearDown_after_each_test</a></td><td rowspan="2">1625900444315</td><td rowspan="2">-1625900444315</td></tr><tr class="skippedeven"><td><a href="#m3">tearDown_after_each_test</a></td></tr><tr><th colspan="4">test1 &#8212; skipped</th></tr><tr class="skippedeven"><td rowspan="2">testcases.LoginPageTest</td><td><a href="#m4">verifyLoginPage_test1</a></td><td rowspan="2">1625900444314</td><td rowspan="2">0</td></tr><tr class="skippedeven"><td><a href="#m5">verifyLoginPage_test1</a></td></tr></tbody>
</table>
<h2>test1</h2><h3 id="m0">testcases.LoginPageTest#setup_before_each_test</h3><table class="result"><tr class="param"><th>Parameter #1</th><th>Parameter #2</th></tr><tr class="param stripe"><td>[TestResult name={null} status=CREATED method=LoginPageTest.verifyLoginPage_test1(org.testng.ITestContext)[pri:0, instance:testcases.LoginPageTest@53ca01a2] output={null}]</td><td>org.testng.TestRunner@610d74be</td></tr><tr><th colspan="2">Exception</th></tr><tr><td colspan="2"><div class="stacktrace">org.openqa.selenium.SessionNotCreatedException: session not created: This version of ChromeDriver only supports Chrome version 89
Current browser version is 91.0.4472.114 with binary path /Applications/Google Chrome.app/Contents/MacOS/Google Chrome
Build info: version: &apos;3.141.59&apos;, revision: &apos;e82be7d358&apos;, time: &apos;2018-11-14T08:17:03&apos;
System info: host: &apos;Pritis-MBP&apos;, ip: &apos;2401:4900:5037:f8c:9413:2782:81fc:5373%en0&apos;, os.name: &apos;Mac OS X&apos;, os.arch: &apos;x86_64&apos;, os.version: &apos;10.15.7&apos;, java.version: &apos;15.0.2&apos;
Driver info: driver.version: ChromeDriver
remote stacktrace: 0   chromedriver                        0x0000000103de5b59 chromedriver + 2595673
1   chromedriver                        0x0000000104499b33 chromedriver + 9624371
2   chromedriver                        0x0000000103b95773 chromedriver + 169843
3   chromedriver                        0x0000000103bb9bf6 chromedriver + 318454
4   chromedriver                        0x0000000103bb5dc4 chromedriver + 302532
5   chromedriver                        0x0000000103bb3032 chromedriver + 290866
6   chromedriver                        0x0000000103be6234 chromedriver + 500276
7   chromedriver                        0x0000000103be14f3 chromedriver + 480499
8   chromedriver                        0x0000000103bbbcd6 chromedriver + 326870
9   chromedriver                        0x0000000103bbcba7 chromedriver + 330663
10  chromedriver                        0x0000000103db3b09 chromedriver + 2390793
11  chromedriver                        0x0000000103dc0bcc chromedriver + 2444236
12  chromedriver                        0x0000000103dc06ee chromedriver + 2442990
13  chromedriver                        0x0000000103d9a832 chromedriver + 2287666
14  chromedriver                        0x0000000103dc163f chromedriver + 2446911
15  chromedriver                        0x0000000103da9299 chromedriver + 2347673
16  chromedriver                        0x0000000103dd88b9 chromedriver + 2541753
17  chromedriver                        0x0000000103deb008 chromedriver + 2617352
18  libsystem_pthread.dylib             0x00007fff733e7109 _pthread_start + 148
19  libsystem_pthread.dylib             0x00007fff733e2b8b thread_start + 15

	at org.openqa.selenium.remote.W3CHandshakeResponse.lambda$errorHandler$0(W3CHandshakeResponse.java:62)
	at org.openqa.selenium.remote.HandshakeResponse.lambda$getResponseFunction$0(HandshakeResponse.java:30)
	at org.openqa.selenium.remote.ProtocolHandshake.lambda$createSession$0(ProtocolHandshake.java:126)
	at java.base/java.util.stream.ReferencePipeline$3$1.accept(ReferencePipeline.java:195)
	at java.base/java.util.Spliterators$ArraySpliterator.tryAdvance(Spliterators.java:958)
	at java.base/java.util.stream.ReferencePipeline.forEachWithCancel(ReferencePipeline.java:127)
	at java.base/java.util.stream.AbstractPipeline.copyIntoWithCancel(AbstractPipeline.java:502)
	at java.base/java.util.stream.AbstractPipeline.copyInto(AbstractPipeline.java:488)
	at java.base/java.util.stream.AbstractPipeline.wrapAndCopyInto(AbstractPipeline.java:474)
	at java.base/java.util.stream.FindOps$FindOp.evaluateSequential(FindOps.java:150)
	at java.base/java.util.stream.AbstractPipeline.evaluate(AbstractPipeline.java:234)
	at java.base/java.util.stream.ReferencePipeline.findFirst(ReferencePipeline.java:543)
	at org.openqa.selenium.remote.ProtocolHandshake.createSession(ProtocolHandshake.java:128)
	at org.openqa.selenium.remote.ProtocolHandshake.createSession(ProtocolHandshake.java:74)
	at org.openqa.selenium.remote.HttpCommandExecutor.execute(HttpCommandExecutor.java:136)
	at org.openqa.selenium.remote.service.DriverCommandExecutor.execute(DriverCommandExecutor.java:83)
	at org.openqa.selenium.remote.RemoteWebDriver.execute(RemoteWebDriver.java:552)
	at org.openqa.selenium.remote.RemoteWebDriver.startSession(RemoteWebDriver.java:213)
	at org.openqa.selenium.remote.RemoteWebDriver.&lt;init&gt;(RemoteWebDriver.java:131)
	at org.openqa.selenium.chrome.ChromeDriver.&lt;init&gt;(ChromeDriver.java:181)
	at org.openqa.selenium.chrome.ChromeDriver.&lt;init&gt;(ChromeDriver.java:168)
	at org.openqa.selenium.chrome.ChromeDriver.&lt;init&gt;(ChromeDriver.java:123)
	at base.BasePage.setup_before_each_test(BasePage.java:56)
	at java.base/java.util.concurrent.ThreadPoolExecutor.runWorker(ThreadPoolExecutor.java:1130)
	at java.base/java.util.concurrent.ThreadPoolExecutor$Worker.run(ThreadPoolExecutor.java:630)
	at java.base/java.lang.Thread.run(Thread.java:832)
... Removed 21 stack frames</div></td></tr></table><p class="totop"><a href="#summary">back to summary</a></p>
<h3 id="m1">testcases.LoginPageTest#setup_before_each_test</h3><table class="result"><tr><th class="invisible"/></tr></table><p class="totop"><a href="#summary">back to summary</a></p>
<h3 id="m2">testcases.LoginPageTest#tearDown_after_each_test</h3><table class="result"><tr><th class="invisible"/></tr></table><p class="totop"><a href="#summary">back to summary</a></p>
<h3 id="m3">testcases.LoginPageTest#tearDown_after_each_test</h3><table class="result"><tr><th class="invisible"/></tr></table><p class="totop"><a href="#summary">back to summary</a></p>
<h3 id="m4">testcases.LoginPageTest#verifyLoginPage_test1</h3><table class="result"><tr class="param"><th>Parameter #1</th></tr><tr class="param stripe"><td>org.testng.TestRunner@610d74be</td></tr><tr><th>Exception</th></tr><tr><td><div class="stacktrace">org.openqa.selenium.SessionNotCreatedException: session not created: This version of ChromeDriver only supports Chrome version 89
Current browser version is 91.0.4472.114 with binary path /Applications/Google Chrome.app/Contents/MacOS/Google Chrome
Build info: version: &apos;3.141.59&apos;, revision: &apos;e82be7d358&apos;, time: &apos;2018-11-14T08:17:03&apos;
System info: host: &apos;Pritis-MBP&apos;, ip: &apos;2401:4900:5037:f8c:9413:2782:81fc:5373%en0&apos;, os.name: &apos;Mac OS X&apos;, os.arch: &apos;x86_64&apos;, os.version: &apos;10.15.7&apos;, java.version: &apos;15.0.2&apos;
Driver info: driver.version: ChromeDriver
remote stacktrace: 0   chromedriver                        0x0000000103de5b59 chromedriver + 2595673
1   chromedriver                        0x0000000104499b33 chromedriver + 9624371
2   chromedriver                        0x0000000103b95773 chromedriver + 169843
3   chromedriver                        0x0000000103bb9bf6 chromedriver + 318454
4   chromedriver                        0x0000000103bb5dc4 chromedriver + 302532
5   chromedriver                        0x0000000103bb3032 chromedriver + 290866
6   chromedriver                        0x0000000103be6234 chromedriver + 500276
7   chromedriver                        0x0000000103be14f3 chromedriver + 480499
8   chromedriver                        0x0000000103bbbcd6 chromedriver + 326870
9   chromedriver                        0x0000000103bbcba7 chromedriver + 330663
10  chromedriver                        0x0000000103db3b09 chromedriver + 2390793
11  chromedriver                        0x0000000103dc0bcc chromedriver + 2444236
12  chromedriver                        0x0000000103dc06ee chromedriver + 2442990
13  chromedriver                        0x0000000103d9a832 chromedriver + 2287666
14  chromedriver                        0x0000000103dc163f chromedriver + 2446911
15  chromedriver                        0x0000000103da9299 chromedriver + 2347673
16  chromedriver                        0x0000000103dd88b9 chromedriver + 2541753
17  chromedriver                        0x0000000103deb008 chromedriver + 2617352
18  libsystem_pthread.dylib             0x00007fff733e7109 _pthread_start + 148
19  libsystem_pthread.dylib             0x00007fff733e2b8b thread_start + 15

	at org.openqa.selenium.remote.W3CHandshakeResponse.lambda$errorHandler$0(W3CHandshakeResponse.java:62)
	at org.openqa.selenium.remote.HandshakeResponse.lambda$getResponseFunction$0(HandshakeResponse.java:30)
	at org.openqa.selenium.remote.ProtocolHandshake.lambda$createSession$0(ProtocolHandshake.java:126)
	at java.base/java.util.stream.ReferencePipeline$3$1.accept(ReferencePipeline.java:195)
	at java.base/java.util.Spliterators$ArraySpliterator.tryAdvance(Spliterators.java:958)
	at java.base/java.util.stream.ReferencePipeline.forEachWithCancel(ReferencePipeline.java:127)
	at java.base/java.util.stream.AbstractPipeline.copyIntoWithCancel(AbstractPipeline.java:502)
	at java.base/java.util.stream.AbstractPipeline.copyInto(AbstractPipeline.java:488)
	at java.base/java.util.stream.AbstractPipeline.wrapAndCopyInto(AbstractPipeline.java:474)
	at java.base/java.util.stream.FindOps$FindOp.evaluateSequential(FindOps.java:150)
	at java.base/java.util.stream.AbstractPipeline.evaluate(AbstractPipeline.java:234)
	at java.base/java.util.stream.ReferencePipeline.findFirst(ReferencePipeline.java:543)
	at org.openqa.selenium.remote.ProtocolHandshake.createSession(ProtocolHandshake.java:128)
	at org.openqa.selenium.remote.ProtocolHandshake.createSession(ProtocolHandshake.java:74)
	at org.openqa.selenium.remote.HttpCommandExecutor.execute(HttpCommandExecutor.java:136)
	at org.openqa.selenium.remote.service.DriverCommandExecutor.execute(DriverCommandExecutor.java:83)
	at org.openqa.selenium.remote.RemoteWebDriver.execute(RemoteWebDriver.java:552)
	at org.openqa.selenium.remote.RemoteWebDriver.startSession(RemoteWebDriver.java:213)
	at org.openqa.selenium.remote.RemoteWebDriver.&lt;init&gt;(RemoteWebDriver.java:131)
	at org.openqa.selenium.chrome.ChromeDriver.&lt;init&gt;(ChromeDriver.java:181)
	at org.openqa.selenium.chrome.ChromeDriver.&lt;init&gt;(ChromeDriver.java:168)
	at org.openqa.selenium.chrome.ChromeDriver.&lt;init&gt;(ChromeDriver.java:123)
	at base.BasePage.setup_before_each_test(BasePage.java:56)
	at java.base/java.util.concurrent.ThreadPoolExecutor.runWorker(ThreadPoolExecutor.java:1130)
	at java.base/java.util.concurrent.ThreadPoolExecutor$Worker.run(ThreadPoolExecutor.java:630)
	at java.base/java.lang.Thread.run(Thread.java:832)
... Removed 21 stack frames</div></td></tr></table><p class="totop"><a href="#summary">back to summary</a></p>
<h3 id="m5">testcases.LoginPageTest#verifyLoginPage_test1</h3><table class="result"><tr class="param"><th>Parameter #1</th></tr><tr class="param stripe"><td>org.testng.TestRunner@610d74be</td></tr><tr><th>Exception</th></tr><tr><td><div class="stacktrace">org.openqa.selenium.SessionNotCreatedException: session not created: This version of ChromeDriver only supports Chrome version 89
Current browser version is 91.0.4472.114 with binary path /Applications/Google Chrome.app/Contents/MacOS/Google Chrome
Build info: version: &apos;3.141.59&apos;, revision: &apos;e82be7d358&apos;, time: &apos;2018-11-14T08:17:03&apos;
System info: host: &apos;Pritis-MBP&apos;, ip: &apos;2401:4900:5037:f8c:9413:2782:81fc:5373%en0&apos;, os.name: &apos;Mac OS X&apos;, os.arch: &apos;x86_64&apos;, os.version: &apos;10.15.7&apos;, java.version: &apos;15.0.2&apos;
Driver info: driver.version: ChromeDriver
remote stacktrace: 0   chromedriver                        0x0000000103de5b59 chromedriver + 2595673
1   chromedriver                        0x0000000104499b33 chromedriver + 9624371
2   chromedriver                        0x0000000103b95773 chromedriver + 169843
3   chromedriver                        0x0000000103bb9bf6 chromedriver + 318454
4   chromedriver                        0x0000000103bb5dc4 chromedriver + 302532
5   chromedriver                        0x0000000103bb3032 chromedriver + 290866
6   chromedriver                        0x0000000103be6234 chromedriver + 500276
7   chromedriver                        0x0000000103be14f3 chromedriver + 480499
8   chromedriver                        0x0000000103bbbcd6 chromedriver + 326870
9   chromedriver                        0x0000000103bbcba7 chromedriver + 330663
10  chromedriver                        0x0000000103db3b09 chromedriver + 2390793
11  chromedriver                        0x0000000103dc0bcc chromedriver + 2444236
12  chromedriver                        0x0000000103dc06ee chromedriver + 2442990
13  chromedriver                        0x0000000103d9a832 chromedriver + 2287666
14  chromedriver                        0x0000000103dc163f chromedriver + 2446911
15  chromedriver                        0x0000000103da9299 chromedriver + 2347673
16  chromedriver                        0x0000000103dd88b9 chromedriver + 2541753
17  chromedriver                        0x0000000103deb008 chromedriver + 2617352
18  libsystem_pthread.dylib             0x00007fff733e7109 _pthread_start + 148
19  libsystem_pthread.dylib             0x00007fff733e2b8b thread_start + 15

	at org.openqa.selenium.remote.W3CHandshakeResponse.lambda$errorHandler$0(W3CHandshakeResponse.java:62)
	at org.openqa.selenium.remote.HandshakeResponse.lambda$getResponseFunction$0(HandshakeResponse.java:30)
	at org.openqa.selenium.remote.ProtocolHandshake.lambda$createSession$0(ProtocolHandshake.java:126)
	at java.base/java.util.stream.ReferencePipeline$3$1.accept(ReferencePipeline.java:195)
	at java.base/java.util.Spliterators$ArraySpliterator.tryAdvance(Spliterators.java:958)
	at java.base/java.util.stream.ReferencePipeline.forEachWithCancel(ReferencePipeline.java:127)
	at java.base/java.util.stream.AbstractPipeline.copyIntoWithCancel(AbstractPipeline.java:502)
	at java.base/java.util.stream.AbstractPipeline.copyInto(AbstractPipeline.java:488)
	at java.base/java.util.stream.AbstractPipeline.wrapAndCopyInto(AbstractPipeline.java:474)
	at java.base/java.util.stream.FindOps$FindOp.evaluateSequential(FindOps.java:150)
	at java.base/java.util.stream.AbstractPipeline.evaluate(AbstractPipeline.java:234)
	at java.base/java.util.stream.ReferencePipeline.findFirst(ReferencePipeline.java:543)
	at org.openqa.selenium.remote.ProtocolHandshake.createSession(ProtocolHandshake.java:128)
	at org.openqa.selenium.remote.ProtocolHandshake.createSession(ProtocolHandshake.java:74)
	at org.openqa.selenium.remote.HttpCommandExecutor.execute(HttpCommandExecutor.java:136)
	at org.openqa.selenium.remote.service.DriverCommandExecutor.execute(DriverCommandExecutor.java:83)
	at org.openqa.selenium.remote.RemoteWebDriver.execute(RemoteWebDriver.java:552)
	at org.openqa.selenium.remote.RemoteWebDriver.startSession(RemoteWebDriver.java:213)
	at org.openqa.selenium.remote.RemoteWebDriver.&lt;init&gt;(RemoteWebDriver.java:131)
	at org.openqa.selenium.chrome.ChromeDriver.&lt;init&gt;(ChromeDriver.java:181)
	at org.openqa.selenium.chrome.ChromeDriver.&lt;init&gt;(ChromeDriver.java:168)
	at org.openqa.selenium.chrome.ChromeDriver.&lt;init&gt;(ChromeDriver.java:123)
	at base.BasePage.setup_before_each_test(BasePage.java:56)
	at java.base/java.util.concurrent.ThreadPoolExecutor.runWorker(ThreadPoolExecutor.java:1130)
	at java.base/java.util.concurrent.ThreadPoolExecutor$Worker.run(ThreadPoolExecutor.java:630)
	at java.base/java.lang.Thread.run(Thread.java:832)
... Removed 21 stack frames</div></td></tr></table><p class="totop"><a href="#summary">back to summary</a></p>
</body>
</html>
