<?xml version="1.0" encoding="UTF-8"?>
<testng-results ignored="0" total="5" passed="5" failed="0" skipped="0">
  <reporter-output>
  </reporter-output>
  <suite started-at="2021-05-14T17:16:51 IST" name="Command line suite" finished-at="2021-05-14T17:17:48 IST" duration-ms="57270">
    <groups>
      <group name="smoke">
        <method signature="HomePageTest.PIMtabTest()[pri:0, instance:testcases.HomePageTest@77847718]" name="PIMtabTest" class="testcases.HomePageTest"/>
        <method signature="HomePageTest.adminTabTest(org.testng.ITestContext)[pri:0, instance:testcases.HomePageTest@77847718]" name="adminTabTest" class="testcases.HomePageTest"/>
        <method signature="LoginPageTest.verifyLoginPage_test1(org.testng.ITestContext)[pri:0, instance:testcases.LoginPageTest@7f3b84b8]" name="verifyLoginPage_test1" class="testcases.LoginPageTest"/>
      </group> <!-- smoke -->
      <group name="sanity">
        <method signature="EmployeeInfoTest.VerifyEmpStatus()[pri:0, instance:testcases.EmployeeInfoTest@57a3af25]" name="VerifyEmpStatus" class="testcases.EmployeeInfoTest"/>
      </group> <!-- sanity -->
      <group name="broswer2">
        <method signature="EmployeeInfoTest.VerifyEmpStatus()[pri:0, instance:testcases.EmployeeInfoTest@57a3af25]" name="VerifyEmpStatus" class="testcases.EmployeeInfoTest"/>
        <method signature="HomePageTest.PIMtabTest()[pri:0, instance:testcases.HomePageTest@77847718]" name="PIMtabTest" class="testcases.HomePageTest"/>
      </group> <!-- broswer2 -->
      <group name="browser1">
        <method signature="HomePageTest.adminTabTest(org.testng.ITestContext)[pri:0, instance:testcases.HomePageTest@77847718]" name="adminTabTest" class="testcases.HomePageTest"/>
      </group> <!-- browser1 -->
    </groups>
    <test started-at="2021-05-14T17:16:51 IST" name="Command line test" finished-at="2021-05-14T17:17:48 IST" duration-ms="57270">
      <class name="testcases.HomePageTest">
        <test-method is-config="true" signature="setup_before_each_test(org.testng.ITestResult,org.testng.ITestContext)[pri:0, instance:testcases.HomePageTest@77847718]" started-at="2021-05-14T17:17:06 IST" name="setup_before_each_test" finished-at="2021-05-14T17:17:12 IST" duration-ms="5294" status="PASS">
          <params>
            <param index="0">
              <value>
                <![CDATA[[TestResult name={null} status=CREATED method=HomePageTest.PIMtabTest()[pri:0, instance:testcases.HomePageTest@77847718] output={null}]]]>
              </value>
            </param>
            <param index="1">
              <value>
                <![CDATA[org.testng.TestRunner@5bc28f40]]>
              </value>
            </param>
          </params>
          <reporter-output>
          </reporter-output>
        </test-method> <!-- setup_before_each_test -->
        <test-method signature="PIMtabTest()[pri:0, instance:testcases.HomePageTest@77847718]" started-at="2021-05-14T17:17:12 IST" name="PIMtabTest" finished-at="2021-05-14T17:17:18 IST" duration-ms="5933" status="PASS">
          <reporter-output>
          </reporter-output>
        </test-method> <!-- PIMtabTest -->
        <test-method is-config="true" signature="tearDown_after_each_test()[pri:0, instance:testcases.HomePageTest@77847718]" started-at="2021-05-14T17:17:18 IST" name="tearDown_after_each_test" finished-at="2021-05-14T17:17:18 IST" duration-ms="128" status="PASS">
          <reporter-output>
          </reporter-output>
        </test-method> <!-- tearDown_after_each_test -->
        <test-method is-config="true" signature="setup_before_each_test(org.testng.ITestResult,org.testng.ITestContext)[pri:0, instance:testcases.HomePageTest@77847718]" started-at="2021-05-14T17:17:18 IST" name="setup_before_each_test" finished-at="2021-05-14T17:17:25 IST" duration-ms="6973" status="PASS">
          <params>
            <param index="0">
              <value>
                <![CDATA[[TestResult name={null} status=CREATED method=HomePageTest.adminTabTest(org.testng.ITestContext)[pri:0, instance:testcases.HomePageTest@77847718] output={null}]]]>
              </value>
            </param>
            <param index="1">
              <value>
                <![CDATA[org.testng.TestRunner@5bc28f40]]>
              </value>
            </param>
          </params>
          <reporter-output>
          </reporter-output>
        </test-method> <!-- setup_before_each_test -->
        <test-method signature="adminTabTest(org.testng.ITestContext)[pri:0, instance:testcases.HomePageTest@77847718]" started-at="2021-05-14T17:17:25 IST" name="adminTabTest" finished-at="2021-05-14T17:17:30 IST" duration-ms="5216" status="PASS">
          <params>
            <param index="0">
              <value>
                <![CDATA[org.testng.TestRunner@5bc28f40]]>
              </value>
            </param>
          </params>
          <reporter-output>
          </reporter-output>
        </test-method> <!-- adminTabTest -->
        <test-method is-config="true" signature="tearDown_after_each_test()[pri:0, instance:testcases.HomePageTest@77847718]" started-at="2021-05-14T17:17:30 IST" name="tearDown_after_each_test" finished-at="2021-05-14T17:17:30 IST" duration-ms="124" status="PASS">
          <reporter-output>
          </reporter-output>
        </test-method> <!-- tearDown_after_each_test -->
      </class> <!-- testcases.HomePageTest -->
      <class name="testcases.LoginPageTest">
        <test-method is-config="true" signature="setup_before_each_test(org.testng.ITestResult,org.testng.ITestContext)[pri:0, instance:testcases.LoginPageTest@7f3b84b8]" started-at="2021-05-14T17:17:30 IST" name="setup_before_each_test" finished-at="2021-05-14T17:17:35 IST" duration-ms="5060" status="PASS">
          <params>
            <param index="0">
              <value>
                <![CDATA[[TestResult name={null} status=CREATED method=LoginPageTest.verifyLoginPage_test1(org.testng.ITestContext)[pri:0, instance:testcases.LoginPageTest@7f3b84b8] output={null}]]]>
              </value>
            </param>
            <param index="1">
              <value>
                <![CDATA[org.testng.TestRunner@5bc28f40]]>
              </value>
            </param>
          </params>
          <reporter-output>
          </reporter-output>
        </test-method> <!-- setup_before_each_test -->
        <test-method signature="verifyLoginPage_test1(org.testng.ITestContext)[pri:0, instance:testcases.LoginPageTest@7f3b84b8]" started-at="2021-05-14T17:17:35 IST" name="verifyLoginPage_test1" finished-at="2021-05-14T17:17:35 IST" duration-ms="13" status="PASS">
          <params>
            <param index="0">
              <value>
                <![CDATA[org.testng.TestRunner@5bc28f40]]>
              </value>
            </param>
          </params>
          <reporter-output>
          </reporter-output>
        </test-method> <!-- verifyLoginPage_test1 -->
        <test-method is-config="true" signature="tearDown_after_each_test()[pri:0, instance:testcases.LoginPageTest@7f3b84b8]" started-at="2021-05-14T17:17:35 IST" name="tearDown_after_each_test" finished-at="2021-05-14T17:17:35 IST" duration-ms="124" status="PASS">
          <reporter-output>
          </reporter-output>
        </test-method> <!-- tearDown_after_each_test -->
      </class> <!-- testcases.LoginPageTest -->
      <class name="testcases.SystemUsersTest">
        <test-method is-config="true" signature="setup_before_each_test(org.testng.ITestResult,org.testng.ITestContext)[pri:0, instance:testcases.SystemUsersTest@3bb9a3ff]" started-at="2021-05-14T17:16:51 IST" name="setup_before_each_test" finished-at="2021-05-14T17:16:58 IST" duration-ms="6521" status="PASS">
          <params>
            <param index="0">
              <value>
                <![CDATA[[TestResult name={null} status=CREATED method=SystemUsersTest.getJobTitles()[pri:0, instance:testcases.SystemUsersTest@3bb9a3ff] output={null}]]]>
              </value>
            </param>
            <param index="1">
              <value>
                <![CDATA[org.testng.TestRunner@5bc28f40]]>
              </value>
            </param>
          </params>
          <reporter-output>
          </reporter-output>
        </test-method> <!-- setup_before_each_test -->
        <test-method signature="getJobTitles()[pri:0, instance:testcases.SystemUsersTest@3bb9a3ff]" started-at="2021-05-14T17:16:58 IST" name="getJobTitles" finished-at="2021-05-14T17:17:06 IST" duration-ms="8448" status="PASS">
          <reporter-output>
          </reporter-output>
        </test-method> <!-- getJobTitles -->
        <test-method is-config="true" signature="tearDown_after_each_test()[pri:0, instance:testcases.SystemUsersTest@3bb9a3ff]" started-at="2021-05-14T17:17:06 IST" name="tearDown_after_each_test" finished-at="2021-05-14T17:17:06 IST" duration-ms="353" status="PASS">
          <reporter-output>
          </reporter-output>
        </test-method> <!-- tearDown_after_each_test -->
      </class> <!-- testcases.SystemUsersTest -->
      <class name="testcases.EmployeeInfoTest">
        <test-method is-config="true" signature="setup_before_each_test(org.testng.ITestResult,org.testng.ITestContext)[pri:0, instance:testcases.EmployeeInfoTest@57a3af25]" started-at="2021-05-14T17:17:35 IST" name="setup_before_each_test" finished-at="2021-05-14T17:17:40 IST" duration-ms="4886" status="PASS">
          <params>
            <param index="0">
              <value>
                <![CDATA[[TestResult name={null} status=CREATED method=EmployeeInfoTest.VerifyEmpStatus()[pri:0, instance:testcases.EmployeeInfoTest@57a3af25] output={null}]]]>
              </value>
            </param>
            <param index="1">
              <value>
                <![CDATA[org.testng.TestRunner@5bc28f40]]>
              </value>
            </param>
          </params>
          <reporter-output>
          </reporter-output>
        </test-method> <!-- setup_before_each_test -->
        <test-method signature="VerifyEmpStatus()[pri:0, instance:testcases.EmployeeInfoTest@57a3af25]" started-at="2021-05-14T17:17:40 IST" name="VerifyEmpStatus" finished-at="2021-05-14T17:17:48 IST" duration-ms="8043" status="PASS">
          <reporter-output>
          </reporter-output>
        </test-method> <!-- VerifyEmpStatus -->
        <test-method is-config="true" signature="tearDown_after_each_test()[pri:0, instance:testcases.EmployeeInfoTest@57a3af25]" started-at="2021-05-14T17:17:48 IST" name="tearDown_after_each_test" finished-at="2021-05-14T17:17:48 IST" duration-ms="124" status="FAIL">
          <exception class="java.lang.AssertionError">
            <message>
              <![CDATA[The following asserts failed:
expected [true] but found [false]]]>
            </message>
            <full-stacktrace>
              <![CDATA[java.lang.AssertionError: The following asserts failed:
expected [true] but found [false]
at org.testng.asserts.SoftAssert.assertAll(SoftAssert.java:47)
at org.testng.asserts.SoftAssert.assertAll(SoftAssert.java:31)
at base.BasePage.tearDown_after_each_test(BasePage.java:123)
at java.base/jdk.internal.reflect.NativeMethodAccessorImpl.invoke0(Native Method)
at java.base/jdk.internal.reflect.NativeMethodAccessorImpl.invoke(NativeMethodAccessorImpl.java:62)
at java.base/jdk.internal.reflect.DelegatingMethodAccessorImpl.invoke(DelegatingMethodAccessorImpl.java:43)
at java.base/java.lang.reflect.Method.invoke(Method.java:566)
at org.testng.internal.MethodInvocationHelper.invokeMethod(MethodInvocationHelper.java:133)
at org.testng.internal.MethodInvocationHelper.invokeMethodConsideringTimeout(MethodInvocationHelper.java:62)
at org.testng.internal.ConfigInvoker.invokeConfigurationMethod(ConfigInvoker.java:385)
at org.testng.internal.ConfigInvoker.invokeConfigurations(ConfigInvoker.java:321)
at org.testng.internal.TestInvoker.runConfigMethods(TestInvoker.java:700)
at org.testng.internal.TestInvoker.runAfterGroupsConfigurations(TestInvoker.java:676)
at org.testng.internal.TestInvoker.invokeMethod(TestInvoker.java:660)
at org.testng.internal.TestInvoker.invokeTestMethod(TestInvoker.java:173)
at org.testng.internal.MethodRunner.runInSequence(MethodRunner.java:46)
at org.testng.internal.TestInvoker$MethodInvocationAgent.invoke(TestInvoker.java:824)
at org.testng.internal.TestInvoker.invokeTestMethods(TestInvoker.java:146)
at org.testng.internal.TestMethodWorker.invokeTestMethods(TestMethodWorker.java:146)
at org.testng.internal.TestMethodWorker.run(TestMethodWorker.java:128)
at java.base/java.util.ArrayList.forEach(ArrayList.java:1541)
at org.testng.TestRunner.privateRun(TestRunner.java:794)
at org.testng.TestRunner.run(TestRunner.java:596)
at org.testng.SuiteRunner.runTest(SuiteRunner.java:377)
at org.testng.SuiteRunner.runSequentially(SuiteRunner.java:371)
at org.testng.SuiteRunner.privateRun(SuiteRunner.java:332)
at org.testng.SuiteRunner.run(SuiteRunner.java:276)
at org.testng.SuiteRunnerWorker.runSuite(SuiteRunnerWorker.java:53)
at org.testng.SuiteRunnerWorker.run(SuiteRunnerWorker.java:96)
at org.testng.TestNG.runSuitesSequentially(TestNG.java:1212)
at org.testng.TestNG.runSuitesLocally(TestNG.java:1134)
at org.testng.TestNG.runSuites(TestNG.java:1063)
at org.testng.TestNG.run(TestNG.java:1031)
at org.apache.maven.surefire.testng.TestNGExecutor.run(TestNGExecutor.java:77)
at org.apache.maven.surefire.testng.TestNGDirectoryTestSuite.executeMulti(TestNGDirectoryTestSuite.java:159)
at org.apache.maven.surefire.testng.TestNGDirectoryTestSuite.execute(TestNGDirectoryTestSuite.java:99)
at org.apache.maven.surefire.testng.TestNGProvider.invoke(TestNGProvider.java:106)
at java.base/jdk.internal.reflect.NativeMethodAccessorImpl.invoke0(Native Method)
at java.base/jdk.internal.reflect.NativeMethodAccessorImpl.invoke(NativeMethodAccessorImpl.java:62)
at java.base/jdk.internal.reflect.DelegatingMethodAccessorImpl.invoke(DelegatingMethodAccessorImpl.java:43)
at java.base/java.lang.reflect.Method.invoke(Method.java:566)
at org.apache.maven.surefire.util.ReflectionUtils.invokeMethodWithArray(ReflectionUtils.java:189)
at org.apache.maven.surefire.booter.ProviderFactory$ProviderProxy.invoke(ProviderFactory.java:165)
at org.apache.maven.surefire.booter.ProviderFactory.invokeProvider(ProviderFactory.java:85)
at org.apache.maven.surefire.booter.ForkedBooter.runSuitesInProcess(ForkedBooter.java:115)
at org.apache.maven.surefire.booter.ForkedBooter.main(ForkedBooter.java:75)
]]>
            </full-stacktrace>
          </exception> <!-- java.lang.AssertionError -->
          <reporter-output>
          </reporter-output>
        </test-method> <!-- tearDown_after_each_test -->
      </class> <!-- testcases.EmployeeInfoTest -->
    </test> <!-- Command line test -->
  </suite> <!-- Command line suite -->
</testng-results>
